Сборка начата 06.12.2020 23:33:37.
     1>Проект "E:\ТРЕТИЙ СЕМЕСТР С ЧИСТОГО ЛИСТА\Курсовой проект Новик Виктории — оригинал\NVA_2020\NVA_2020.vcxproj" в узле 2 (целевые объекты Build).
     1>PrepareForBuild:
         Создание каталога "Debug\NVA_2020.tlog\".
       InitializeBuildStatus:
         Создание "Debug\NVA_2020.tlog\unsuccessfulbuild", так как было задано "AlwaysCreate".
       ClCompile:
         D:\Visual Studio\VC\Tools\MSVC\14.22.27905\bin\HostX86\x86\CL.exe /c /ZI /JMC /nologo /W3 /WX- /diagnostics:column /sdl /Od /Oy- /D _DEBUG /D _CONSOLE /D _UNICODE /D UNICODE /D _CRT_SECURE_NO_WARNINGS /Gm- /EHsc /RTC1 /MDd /GS /fp:precise /permissive- /Zc:wchar_t /Zc:forScope /Zc:inline /Fo"Debug\\" /Fd"Debug\vc142.pdb" /Gd /TP /analyze- /FC /errorReport:prompt Error.cpp FST.cpp Generator.cpp GRB.cpp In.cpp IT.cpp LexAnaliz.cpp Log.cpp LT.cpp MFST.cpp NVA_2020.cpp Parm.cpp PolishNotation.cpp SemanticAnaliz.cpp
         Error.cpp
         FST.cpp
     1>E:\ТРЕТИЙ СЕМЕСТР С ЧИСТОГО ЛИСТА\Курсовой проект Новик Виктории — оригинал\NVA_2020\stdafx.h(2,1): warning C4005:  _CRT_SECURE_NO_WARNINGS: изменение макроопределения
E:\ТРЕТИЙ СЕМЕСТР С ЧИСТОГО ЛИСТА\Курсовой проект Новик Виктории — оригинал\NVA_2020\stdafx.h(2,1): warning C4005: E:\ТРЕТИЙ СЕМЕСТР С ЧИСТОГО ЛИСТА\Курсовой проект Новик Виктории — оригинал\NVA_2020\Error.cpp: note: см. предыдущее определение "_CRT_SECURE_NO_WARNINGS"
     1>E:\ТРЕТИЙ СЕМЕСТР С ЧИСТОГО ЛИСТА\Курсовой проект Новик Виктории — оригинал\NVA_2020\stdafx.h(2,1): warning C4005:  _CRT_SECURE_NO_WARNINGS: изменение макроопределения
E:\ТРЕТИЙ СЕМЕСТР С ЧИСТОГО ЛИСТА\Курсовой проект Новик Виктории — оригинал\NVA_2020\stdafx.h(2,1): warning C4005: E:\ТРЕТИЙ СЕМЕСТР С ЧИСТОГО ЛИСТА\Курсовой проект Новик Виктории — оригинал\NVA_2020\FST.cpp: note: см. предыдущее определение "_CRT_SECURE_NO_WARNINGS"
     1>E:\ТРЕТИЙ СЕМЕСТР С ЧИСТОГО ЛИСТА\Курсовой проект Новик Виктории — оригинал\NVA_2020\FST.cpp(25,24): warning C4018:  <: несоответствие типов со знаком и без знака
         Generator.cpp
     1>E:\ТРЕТИЙ СЕМЕСТР С ЧИСТОГО ЛИСТА\Курсовой проект Новик Виктории — оригинал\NVA_2020\FST.cpp(77,38): warning C4267:  инициализация: преобразование из "size_t" в "short"; возможна потеря данных
     1>E:\ТРЕТИЙ СЕМЕСТР С ЧИСТОГО ЛИСТА\Курсовой проект Новик Виктории — оригинал\NVA_2020\stdafx.h(2,1): warning C4005:  _CRT_SECURE_NO_WARNINGS: изменение макроопределения
E:\ТРЕТИЙ СЕМЕСТР С ЧИСТОГО ЛИСТА\Курсовой проект Новик Виктории — оригинал\NVA_2020\stdafx.h(2,1): warning C4005: E:\ТРЕТИЙ СЕМЕСТР С ЧИСТОГО ЛИСТА\Курсовой проект Новик Виктории — оригинал\NVA_2020\Generator.cpp: note: см. предыдущее определение "_CRT_SECURE_NO_WARNINGS"
         GRB.cpp
         In.cpp
     1>E:\ТРЕТИЙ СЕМЕСТР С ЧИСТОГО ЛИСТА\Курсовой проект Новик Виктории — оригинал\NVA_2020\Generator.cpp(12,8): warning C4101:  gen_ok: неиспользованная локальная переменная
     1>E:\ТРЕТИЙ СЕМЕСТР С ЧИСТОГО ЛИСТА\Курсовой проект Новик Виктории — оригинал\NVA_2020\stdafx.h(2,1): warning C4005:  _CRT_SECURE_NO_WARNINGS: изменение макроопределения
E:\ТРЕТИЙ СЕМЕСТР С ЧИСТОГО ЛИСТА\Курсовой проект Новик Виктории — оригинал\NVA_2020\stdafx.h(2,1): warning C4005: E:\ТРЕТИЙ СЕМЕСТР С ЧИСТОГО ЛИСТА\Курсовой проект Новик Виктории — оригинал\NVA_2020\In.cpp: note: см. предыдущее определение "_CRT_SECURE_NO_WARNINGS"
         IT.cpp
     1>E:\ТРЕТИЙ СЕМЕСТР С ЧИСТОГО ЛИСТА\Курсовой проект Новик Виктории — оригинал\NVA_2020\In.cpp(91,8): warning C4101:  flagplus: неиспользованная локальная переменная
     1>E:\ТРЕТИЙ СЕМЕСТР С ЧИСТОГО ЛИСТА\Курсовой проект Новик Виктории — оригинал\NVA_2020\stdafx.h(2,1): warning C4005:  _CRT_SECURE_NO_WARNINGS: изменение макроопределения
E:\ТРЕТИЙ СЕМЕСТР С ЧИСТОГО ЛИСТА\Курсовой проект Новик Виктории — оригинал\NVA_2020\stdafx.h(2,1): warning C4005: E:\ТРЕТИЙ СЕМЕСТР С ЧИСТОГО ЛИСТА\Курсовой проект Новик Виктории — оригинал\NVA_2020\IT.cpp: note: см. предыдущее определение "_CRT_SECURE_NO_WARNINGS"
         LexAnaliz.cpp
     1>E:\ТРЕТИЙ СЕМЕСТР С ЧИСТОГО ЛИСТА\Курсовой проект Новик Виктории — оригинал\NVA_2020\IT.cpp(61,22): warning C4018:  <: несоответствие типов со знаком и без знака
         Log.cpp
     1>E:\ТРЕТИЙ СЕМЕСТР С ЧИСТОГО ЛИСТА\Курсовой проект Новик Виктории — оригинал\NVA_2020\stdafx.h(2,1): warning C4005:  _CRT_SECURE_NO_WARNINGS: изменение макроопределения
E:\ТРЕТИЙ СЕМЕСТР С ЧИСТОГО ЛИСТА\Курсовой проект Новик Виктории — оригинал\NVA_2020\stdafx.h(2,1): warning C4005: E:\ТРЕТИЙ СЕМЕСТР С ЧИСТОГО ЛИСТА\Курсовой проект Новик Виктории — оригинал\NVA_2020\LexAnaliz.cpp: note: см. предыдущее определение "_CRT_SECURE_NO_WARNINGS"
         LT.cpp
     1>E:\ТРЕТИЙ СЕМЕСТР С ЧИСТОГО ЛИСТА\Курсовой проект Новик Виктории — оригинал\NVA_2020\stdafx.h(2,1): warning C4005:  _CRT_SECURE_NO_WARNINGS: изменение макроопределения
E:\ТРЕТИЙ СЕМЕСТР С ЧИСТОГО ЛИСТА\Курсовой проект Новик Виктории — оригинал\NVA_2020\stdafx.h(2,1): warning C4005: E:\ТРЕТИЙ СЕМЕСТР С ЧИСТОГО ЛИСТА\Курсовой проект Новик Виктории — оригинал\NVA_2020\Log.cpp: note: см. предыдущее определение "_CRT_SECURE_NO_WARNINGS"
         MFST.cpp
     1>E:\ТРЕТИЙ СЕМЕСТР С ЧИСТОГО ЛИСТА\Курсовой проект Новик Виктории — оригинал\NVA_2020\stdafx.h(2,1): warning C4005:  _CRT_SECURE_NO_WARNINGS: изменение макроопределения
E:\ТРЕТИЙ СЕМЕСТР С ЧИСТОГО ЛИСТА\Курсовой проект Новик Виктории — оригинал\NVA_2020\stdafx.h(2,1): warning C4005: E:\ТРЕТИЙ СЕМЕСТР С ЧИСТОГО ЛИСТА\Курсовой проект Новик Виктории — оригинал\NVA_2020\LT.cpp: note: см. предыдущее определение "_CRT_SECURE_NO_WARNINGS"
     1>E:\ТРЕТИЙ СЕМЕСТР С ЧИСТОГО ЛИСТА\Курсовой проект Новик Виктории — оригинал\NVA_2020\stdafx.h(2,1): warning C4005:  _CRT_SECURE_NO_WARNINGS: изменение макроопределения
E:\ТРЕТИЙ СЕМЕСТР С ЧИСТОГО ЛИСТА\Курсовой проект Новик Виктории — оригинал\NVA_2020\stdafx.h(2,1): warning C4005: E:\ТРЕТИЙ СЕМЕСТР С ЧИСТОГО ЛИСТА\Курсовой проект Новик Виктории — оригинал\NVA_2020\MFST.cpp: note: см. предыдущее определение "_CRT_SECURE_NO_WARNINGS"
         NVA_2020.cpp
     1>E:\ТРЕТИЙ СЕМЕСТР С ЧИСТОГО ЛИСТА\Курсовой проект Новик Виктории — оригинал\NVA_2020\MFST.cpp(241,68): warning C4267:  =: преобразование из "size_t" в "short"; возможна потеря данных
         Parm.cpp
     1>E:\ТРЕТИЙ СЕМЕСТР С ЧИСТОГО ЛИСТА\Курсовой проект Новик Виктории — оригинал\NVA_2020\stdafx.h(2,1): warning C4005:  _CRT_SECURE_NO_WARNINGS: изменение макроопределения
E:\ТРЕТИЙ СЕМЕСТР С ЧИСТОГО ЛИСТА\Курсовой проект Новик Виктории — оригинал\NVA_2020\stdafx.h(2,1): warning C4005: E:\ТРЕТИЙ СЕМЕСТР С ЧИСТОГО ЛИСТА\Курсовой проект Новик Виктории — оригинал\NVA_2020\NVA_2020.cpp: note: см. предыдущее определение "_CRT_SECURE_NO_WARNINGS"
         PolishNotation.cpp
     1>E:\ТРЕТИЙ СЕМЕСТР С ЧИСТОГО ЛИСТА\Курсовой проект Новик Виктории — оригинал\NVA_2020\stdafx.h(2,1): warning C4005:  _CRT_SECURE_NO_WARNINGS: изменение макроопределения
E:\ТРЕТИЙ СЕМЕСТР С ЧИСТОГО ЛИСТА\Курсовой проект Новик Виктории — оригинал\NVA_2020\stdafx.h(2,1): warning C4005: E:\ТРЕТИЙ СЕМЕСТР С ЧИСТОГО ЛИСТА\Курсовой проект Новик Виктории — оригинал\NVA_2020\Parm.cpp: note: см. предыдущее определение "_CRT_SECURE_NO_WARNINGS"
         SemanticAnaliz.cpp
     1>E:\ТРЕТИЙ СЕМЕСТР С ЧИСТОГО ЛИСТА\Курсовой проект Новик Виктории — оригинал\NVA_2020\stdafx.h(2,1): warning C4005:  _CRT_SECURE_NO_WARNINGS: изменение макроопределения
E:\ТРЕТИЙ СЕМЕСТР С ЧИСТОГО ЛИСТА\Курсовой проект Новик Виктории — оригинал\NVA_2020\stdafx.h(2,1): warning C4005: E:\ТРЕТИЙ СЕМЕСТР С ЧИСТОГО ЛИСТА\Курсовой проект Новик Виктории — оригинал\NVA_2020\PolishNotation.cpp: note: см. предыдущее определение "_CRT_SECURE_NO_WARNINGS"
         Создание кода...
     1>E:\ТРЕТИЙ СЕМЕСТР С ЧИСТОГО ЛИСТА\Курсовой проект Новик Виктории — оригинал\NVA_2020\stdafx.h(2,1): warning C4005:  _CRT_SECURE_NO_WARNINGS: изменение макроопределения
E:\ТРЕТИЙ СЕМЕСТР С ЧИСТОГО ЛИСТА\Курсовой проект Новик Виктории — оригинал\NVA_2020\stdafx.h(2,1): warning C4005: E:\ТРЕТИЙ СЕМЕСТР С ЧИСТОГО ЛИСТА\Курсовой проект Новик Виктории — оригинал\NVA_2020\SemanticAnaliz.cpp: note: см. предыдущее определение "_CRT_SECURE_NO_WARNINGS"
       Link:
         D:\Visual Studio\VC\Tools\MSVC\14.22.27905\bin\HostX86\x86\link.exe /ERRORREPORT:PROMPT /OUT:"E:\ТРЕТИЙ СЕМЕСТР С ЧИСТОГО ЛИСТА\Курсовой проект Новик Виктории — оригинал\NVA_2020\Debug\NVA_2020.exe" /INCREMENTAL /NOLOGO kernel32.lib user32.lib gdi32.lib winspool.lib comdlg32.lib advapi32.lib shell32.lib ole32.lib oleaut32.lib uuid.lib odbc32.lib odbccp32.lib /MANIFEST /MANIFESTUAC:"level='asInvoker' uiAccess='false'" /manifest:embed /DEBUG:FASTLINK /PDB:"E:\ТРЕТИЙ СЕМЕСТР С ЧИСТОГО ЛИСТА\Курсовой проект Новик Виктории — оригинал\NVA_2020\Debug\NVA_2020.pdb" /SUBSYSTEM:CONSOLE /TLBID:1 /DYNAMICBASE /NXCOMPAT /IMPLIB:"E:\ТРЕТИЙ СЕМЕСТР С ЧИСТОГО ЛИСТА\Курсовой проект Новик Виктории — оригинал\NVA_2020\Debug\NVA_2020.lib" /MACHINE:X86 Debug\Error.obj
         Debug\FST.obj
         Debug\Generator.obj
         Debug\GRB.obj
         Debug\In.obj
         Debug\IT.obj
         Debug\LexAnaliz.obj
         Debug\Log.obj
         Debug\LT.obj
         Debug\MFST.obj
         Debug\NVA_2020.obj
         Debug\Parm.obj
         Debug\PolishNotation.obj
         Debug\SemanticAnaliz.obj
         NVA_2020.vcxproj -> E:\ТРЕТИЙ СЕМЕСТР С ЧИСТОГО ЛИСТА\Курсовой проект Новик Виктории — оригинал\NVA_2020\Debug\NVA_2020.exe
       FinalizeBuildStatus:
         Файл "Debug\NVA_2020.tlog\unsuccessfulbuild" удаляется.
         Обращение к "Debug\NVA_2020.tlog\NVA_2020.lastbuildstate".
     1>Сборка проекта "E:\ТРЕТИЙ СЕМЕСТР С ЧИСТОГО ЛИСТА\Курсовой проект Новик Виктории — оригинал\NVA_2020\NVA_2020.vcxproj" завершена (целевые объекты Build).

Сборка успешно завершена.

       "E:\ТРЕТИЙ СЕМЕСТР С ЧИСТОГО ЛИСТА\Курсовой проект Новик Виктории — оригинал\NVA_2020\NVA_2020.vcxproj" (целевой объект Build ) (1) ->
       (Целевой объект ClCompile) -> 
         E:\ТРЕТИЙ СЕМЕСТР С ЧИСТОГО ЛИСТА\Курсовой проект Новик Виктории — оригинал\NVA_2020\stdafx.h(2,1): warning C4005:  _CRT_SECURE_NO_WARNINGS: изменение макроопределения
       E:\ТРЕТИЙ СЕМЕСТР С ЧИСТОГО ЛИСТА\Курсовой проект Новик Виктории — оригинал\NVA_2020\stdafx.h(2,1): warning C4005: E:\ТРЕТИЙ СЕМЕСТР С ЧИСТОГО ЛИСТА\Курсовой проект Новик Виктории — оригинал\NVA_2020\Error.cpp: note: см. предыдущее определение "_CRT_SECURE_NO_WARNINGS"
         E:\ТРЕТИЙ СЕМЕСТР С ЧИСТОГО ЛИСТА\Курсовой проект Новик Виктории — оригинал\NVA_2020\stdafx.h(2,1): warning C4005:  _CRT_SECURE_NO_WARNINGS: изменение макроопределения
       E:\ТРЕТИЙ СЕМЕСТР С ЧИСТОГО ЛИСТА\Курсовой проект Новик Виктории — оригинал\NVA_2020\stdafx.h(2,1): warning C4005: E:\ТРЕТИЙ СЕМЕСТР С ЧИСТОГО ЛИСТА\Курсовой проект Новик Виктории — оригинал\NVA_2020\FST.cpp: note: см. предыдущее определение "_CRT_SECURE_NO_WARNINGS"
         E:\ТРЕТИЙ СЕМЕСТР С ЧИСТОГО ЛИСТА\Курсовой проект Новик Виктории — оригинал\NVA_2020\FST.cpp(25,24): warning C4018:  <: несоответствие типов со знаком и без знака
         E:\ТРЕТИЙ СЕМЕСТР С ЧИСТОГО ЛИСТА\Курсовой проект Новик Виктории — оригинал\NVA_2020\FST.cpp(77,38): warning C4267:  инициализация: преобразование из "size_t" в "short"; возможна потеря данных
         E:\ТРЕТИЙ СЕМЕСТР С ЧИСТОГО ЛИСТА\Курсовой проект Новик Виктории — оригинал\NVA_2020\stdafx.h(2,1): warning C4005:  _CRT_SECURE_NO_WARNINGS: изменение макроопределения
       E:\ТРЕТИЙ СЕМЕСТР С ЧИСТОГО ЛИСТА\Курсовой проект Новик Виктории — оригинал\NVA_2020\stdafx.h(2,1): warning C4005: E:\ТРЕТИЙ СЕМЕСТР С ЧИСТОГО ЛИСТА\Курсовой проект Новик Виктории — оригинал\NVA_2020\Generator.cpp: note: см. предыдущее определение "_CRT_SECURE_NO_WARNINGS"
         E:\ТРЕТИЙ СЕМЕСТР С ЧИСТОГО ЛИСТА\Курсовой проект Новик Виктории — оригинал\NVA_2020\Generator.cpp(12,8): warning C4101:  gen_ok: неиспользованная локальная переменная
         E:\ТРЕТИЙ СЕМЕСТР С ЧИСТОГО ЛИСТА\Курсовой проект Новик Виктории — оригинал\NVA_2020\stdafx.h(2,1): warning C4005:  _CRT_SECURE_NO_WARNINGS: изменение макроопределения
       E:\ТРЕТИЙ СЕМЕСТР С ЧИСТОГО ЛИСТА\Курсовой проект Новик Виктории — оригинал\NVA_2020\stdafx.h(2,1): warning C4005: E:\ТРЕТИЙ СЕМЕСТР С ЧИСТОГО ЛИСТА\Курсовой проект Новик Виктории — оригинал\NVA_2020\In.cpp: note: см. предыдущее определение "_CRT_SECURE_NO_WARNINGS"
         E:\ТРЕТИЙ СЕМЕСТР С ЧИСТОГО ЛИСТА\Курсовой проект Новик Виктории — оригинал\NVA_2020\In.cpp(91,8): warning C4101:  flagplus: неиспользованная локальная переменная
         E:\ТРЕТИЙ СЕМЕСТР С ЧИСТОГО ЛИСТА\Курсовой проект Новик Виктории — оригинал\NVA_2020\stdafx.h(2,1): warning C4005:  _CRT_SECURE_NO_WARNINGS: изменение макроопределения
       E:\ТРЕТИЙ СЕМЕСТР С ЧИСТОГО ЛИСТА\Курсовой проект Новик Виктории — оригинал\NVA_2020\stdafx.h(2,1): warning C4005: E:\ТРЕТИЙ СЕМЕСТР С ЧИСТОГО ЛИСТА\Курсовой проект Новик Виктории — оригинал\NVA_2020\IT.cpp: note: см. предыдущее определение "_CRT_SECURE_NO_WARNINGS"
         E:\ТРЕТИЙ СЕМЕСТР С ЧИСТОГО ЛИСТА\Курсовой проект Новик Виктории — оригинал\NVA_2020\IT.cpp(61,22): warning C4018:  <: несоответствие типов со знаком и без знака
         E:\ТРЕТИЙ СЕМЕСТР С ЧИСТОГО ЛИСТА\Курсовой проект Новик Виктории — оригинал\NVA_2020\stdafx.h(2,1): warning C4005:  _CRT_SECURE_NO_WARNINGS: изменение макроопределения
       E:\ТРЕТИЙ СЕМЕСТР С ЧИСТОГО ЛИСТА\Курсовой проект Новик Виктории — оригинал\NVA_2020\stdafx.h(2,1): warning C4005: E:\ТРЕТИЙ СЕМЕСТР С ЧИСТОГО ЛИСТА\Курсовой проект Новик Виктории — оригинал\NVA_2020\LexAnaliz.cpp: note: см. предыдущее определение "_CRT_SECURE_NO_WARNINGS"
         E:\ТРЕТИЙ СЕМЕСТР С ЧИСТОГО ЛИСТА\Курсовой проект Новик Виктории — оригинал\NVA_2020\stdafx.h(2,1): warning C4005:  _CRT_SECURE_NO_WARNINGS: изменение макроопределения
       E:\ТРЕТИЙ СЕМЕСТР С ЧИСТОГО ЛИСТА\Курсовой проект Новик Виктории — оригинал\NVA_2020\stdafx.h(2,1): warning C4005: E:\ТРЕТИЙ СЕМЕСТР С ЧИСТОГО ЛИСТА\Курсовой проект Новик Виктории — оригинал\NVA_2020\Log.cpp: note: см. предыдущее определение "_CRT_SECURE_NO_WARNINGS"
         E:\ТРЕТИЙ СЕМЕСТР С ЧИСТОГО ЛИСТА\Курсовой проект Новик Виктории — оригинал\NVA_2020\stdafx.h(2,1): warning C4005:  _CRT_SECURE_NO_WARNINGS: изменение макроопределения
       E:\ТРЕТИЙ СЕМЕСТР С ЧИСТОГО ЛИСТА\Курсовой проект Новик Виктории — оригинал\NVA_2020\stdafx.h(2,1): warning C4005: E:\ТРЕТИЙ СЕМЕСТР С ЧИСТОГО ЛИСТА\Курсовой проект Новик Виктории — оригинал\NVA_2020\LT.cpp: note: см. предыдущее определение "_CRT_SECURE_NO_WARNINGS"
         E:\ТРЕТИЙ СЕМЕСТР С ЧИСТОГО ЛИСТА\Курсовой проект Новик Виктории — оригинал\NVA_2020\stdafx.h(2,1): warning C4005:  _CRT_SECURE_NO_WARNINGS: изменение макроопределения
       E:\ТРЕТИЙ СЕМЕСТР С ЧИСТОГО ЛИСТА\Курсовой проект Новик Виктории — оригинал\NVA_2020\stdafx.h(2,1): warning C4005: E:\ТРЕТИЙ СЕМЕСТР С ЧИСТОГО ЛИСТА\Курсовой проект Новик Виктории — оригинал\NVA_2020\MFST.cpp: note: см. предыдущее определение "_CRT_SECURE_NO_WARNINGS"
         E:\ТРЕТИЙ СЕМЕСТР С ЧИСТОГО ЛИСТА\Курсовой проект Новик Виктории — оригинал\NVA_2020\MFST.cpp(241,68): warning C4267:  =: преобразование из "size_t" в "short"; возможна потеря данных
         E:\ТРЕТИЙ СЕМЕСТР С ЧИСТОГО ЛИСТА\Курсовой проект Новик Виктории — оригинал\NVA_2020\stdafx.h(2,1): warning C4005:  _CRT_SECURE_NO_WARNINGS: изменение макроопределения
       E:\ТРЕТИЙ СЕМЕСТР С ЧИСТОГО ЛИСТА\Курсовой проект Новик Виктории — оригинал\NVA_2020\stdafx.h(2,1): warning C4005: E:\ТРЕТИЙ СЕМЕСТР С ЧИСТОГО ЛИСТА\Курсовой проект Новик Виктории — оригинал\NVA_2020\NVA_2020.cpp: note: см. предыдущее определение "_CRT_SECURE_NO_WARNINGS"
         E:\ТРЕТИЙ СЕМЕСТР С ЧИСТОГО ЛИСТА\Курсовой проект Новик Виктории — оригинал\NVA_2020\stdafx.h(2,1): warning C4005:  _CRT_SECURE_NO_WARNINGS: изменение макроопределения
       E:\ТРЕТИЙ СЕМЕСТР С ЧИСТОГО ЛИСТА\Курсовой проект Новик Виктории — оригинал\NVA_2020\stdafx.h(2,1): warning C4005: E:\ТРЕТИЙ СЕМЕСТР С ЧИСТОГО ЛИСТА\Курсовой проект Новик Виктории — оригинал\NVA_2020\Parm.cpp: note: см. предыдущее определение "_CRT_SECURE_NO_WARNINGS"
         E:\ТРЕТИЙ СЕМЕСТР С ЧИСТОГО ЛИСТА\Курсовой проект Новик Виктории — оригинал\NVA_2020\stdafx.h(2,1): warning C4005:  _CRT_SECURE_NO_WARNINGS: изменение макроопределения
       E:\ТРЕТИЙ СЕМЕСТР С ЧИСТОГО ЛИСТА\Курсовой проект Новик Виктории — оригинал\NVA_2020\stdafx.h(2,1): warning C4005: E:\ТРЕТИЙ СЕМЕСТР С ЧИСТОГО ЛИСТА\Курсовой проект Новик Виктории — оригинал\NVA_2020\PolishNotation.cpp: note: см. предыдущее определение "_CRT_SECURE_NO_WARNINGS"
         E:\ТРЕТИЙ СЕМЕСТР С ЧИСТОГО ЛИСТА\Курсовой проект Новик Виктории — оригинал\NVA_2020\stdafx.h(2,1): warning C4005:  _CRT_SECURE_NO_WARNINGS: изменение макроопределения
       E:\ТРЕТИЙ СЕМЕСТР С ЧИСТОГО ЛИСТА\Курсовой проект Новик Виктории — оригинал\NVA_2020\stdafx.h(2,1): warning C4005: E:\ТРЕТИЙ СЕМЕСТР С ЧИСТОГО ЛИСТА\Курсовой проект Новик Виктории — оригинал\NVA_2020\SemanticAnaliz.cpp: note: см. предыдущее определение "_CRT_SECURE_NO_WARNINGS"

    Предупреждений: 19
    Ошибок: 0

Прошло времени 00:00:09.21
